<?xml version="1.0" encoding="UTF-8"?>
<coverage generated="1740421993974" clover="3.2.0">
  <project timestamp="1740421993974" name="All files">
    <metrics statements="55" coveredstatements="32" conditionals="14" coveredconditionals="4" methods="26" coveredmethods="11" elements="95" coveredelements="47" complexity="0" loc="55" ncloc="55" packages="9" files="14" classes="14"/>
    <package name="src">
      <metrics statements="5" coveredstatements="1" conditionals="0" coveredconditionals="0" methods="1" coveredmethods="1"/>
      <file name="App.tsx" path="C:\RSSSSSS\portfolio\new\mindbox_test\src\App.tsx">
        <metrics statements="1" coveredstatements="1" conditionals="0" coveredconditionals="0" methods="1" coveredmethods="1"/>
        <line num="6" count="2" type="stmt"/>
      </file>
      <file name="main.tsx" path="C:\RSSSSSS\portfolio\new\mindbox_test\src\main.tsx">
        <metrics statements="1" coveredstatements="0" conditionals="0" coveredconditionals="0" methods="0" coveredmethods="0"/>
        <line num="8" count="0" type="stmt"/>
      </file>
      <file name="theme.ts" path="C:\RSSSSSS\portfolio\new\mindbox_test\src\theme.ts">
        <metrics statements="3" coveredstatements="0" conditionals="0" coveredconditionals="0" methods="0" coveredmethods="0"/>
        <line num="3" count="0" type="stmt"/>
        <line num="12" count="0" type="stmt"/>
        <line num="14" count="0" type="stmt"/>
      </file>
      <file name="vite-env.d.ts" path="C:\RSSSSSS\portfolio\new\mindbox_test\src\vite-env.d.ts">
        <metrics statements="0" coveredstatements="0" conditionals="0" coveredconditionals="0" methods="0" coveredmethods="0"/>
      </file>
    </package>
    <package name="src.__test__">
      <metrics statements="1" coveredstatements="1" conditionals="0" coveredconditionals="0" methods="0" coveredmethods="0"/>
      <file name="mock.ts" path="C:\RSSSSSS\portfolio\new\mindbox_test\src\__test__\mock.ts">
        <metrics statements="1" coveredstatements="1" conditionals="0" coveredconditionals="0" methods="0" coveredmethods="0"/>
        <line num="3" count="1" type="stmt"/>
      </file>
    </package>
    <package name="src.components.TodoApp">
      <metrics statements="18" coveredstatements="11" conditionals="2" coveredconditionals="0" methods="12" coveredmethods="2"/>
      <file name="TodoApp.tsx" path="C:\RSSSSSS\portfolio\new\mindbox_test\src\components\TodoApp\TodoApp.tsx">
        <metrics statements="18" coveredstatements="11" conditionals="2" coveredconditionals="0" methods="12" coveredmethods="2"/>
        <line num="13" count="1" type="stmt"/>
        <line num="14" count="4" type="stmt"/>
        <line num="15" count="4" type="stmt"/>
        <line num="16" count="4" type="stmt"/>
        <line num="18" count="4" type="stmt"/>
        <line num="19" count="2" type="stmt"/>
        <line num="21" count="0" type="stmt"/>
        <line num="22" count="0" type="stmt"/>
        <line num="24" count="2" type="stmt"/>
        <line num="27" count="4" type="stmt"/>
        <line num="28" count="0" type="stmt"/>
        <line num="34" count="4" type="stmt"/>
        <line num="35" count="0" type="stmt"/>
        <line num="36" count="0" type="stmt"/>
        <line num="37" count="0" type="cond" truecount="0" falsecount="2"/>
        <line num="42" count="4" type="stmt"/>
        <line num="43" count="0" type="stmt"/>
        <line num="46" count="4" type="stmt"/>
      </file>
      <file name="types.ts" path="C:\RSSSSSS\portfolio\new\mindbox_test\src\components\TodoApp\types.ts">
        <metrics statements="0" coveredstatements="0" conditionals="0" coveredconditionals="0" methods="0" coveredmethods="0"/>
      </file>
    </package>
    <package name="src.components.TodoApp.components">
      <metrics statements="2" coveredstatements="2" conditionals="0" coveredconditionals="0" methods="2" coveredmethods="1"/>
      <file name="getIncompleteTodosCount.ts" path="C:\RSSSSSS\portfolio\new\mindbox_test\src\components\TodoApp\components\getIncompleteTodosCount.ts">
        <metrics statements="2" coveredstatements="2" conditionals="0" coveredconditionals="0" methods="2" coveredmethods="1"/>
        <line num="3" count="1" type="stmt"/>
        <line num="4" count="4" type="stmt"/>
      </file>
    </package>
    <package name="src.components.TodoApp.components.TodoControls">
      <metrics statements="8" coveredstatements="5" conditionals="6" coveredconditionals="1" methods="2" coveredmethods="2"/>
      <file name="TodoControls.tsx" path="C:\RSSSSSS\portfolio\new\mindbox_test\src\components\TodoApp\components\TodoControls\TodoControls.tsx">
        <metrics statements="3" coveredstatements="3" conditionals="0" coveredconditionals="0" methods="1" coveredmethods="1"/>
        <line num="18" count="1" type="stmt"/>
        <line num="24" count="4" type="stmt"/>
        <line num="26" count="4" type="stmt"/>
      </file>
      <file name="getCounterText.ts" path="C:\RSSSSSS\portfolio\new\mindbox_test\src\components\TodoApp\components\TodoControls\getCounterText.ts">
        <metrics statements="5" coveredstatements="2" conditionals="6" coveredconditionals="1" methods="1" coveredmethods="1"/>
        <line num="1" count="1" type="stmt"/>
        <line num="2" count="4" type="cond" truecount="1" falsecount="1"/>
        <line num="3" count="0" type="cond" truecount="0" falsecount="2"/>
        <line num="4" count="0" type="cond" truecount="0" falsecount="2"/>
        <line num="5" count="0" type="stmt"/>
      </file>
    </package>
    <package name="src.components.TodoApp.components.TodoFilter">
      <metrics statements="3" coveredstatements="2" conditionals="0" coveredconditionals="0" methods="2" coveredmethods="1"/>
      <file name="TodoFilter.tsx" path="C:\RSSSSSS\portfolio\new\mindbox_test\src\components\TodoApp\components\TodoFilter\TodoFilter.tsx">
        <metrics statements="3" coveredstatements="2" conditionals="0" coveredconditionals="0" methods="2" coveredmethods="1"/>
        <line num="14" count="1" type="stmt"/>
        <line num="18" count="4" type="stmt"/>
        <line num="24" count="0" type="stmt"/>
      </file>
    </package>
    <package name="src.components.TodoApp.components.TodoInput">
      <metrics statements="12" coveredstatements="5" conditionals="2" coveredconditionals="0" methods="3" coveredmethods="1"/>
      <file name="TodoInput.tsx" path="C:\RSSSSSS\portfolio\new\mindbox_test\src\components\TodoApp\components\TodoInput\TodoInput.tsx">
        <metrics statements="12" coveredstatements="5" conditionals="2" coveredconditionals="0" methods="3" coveredmethods="1"/>
        <line num="7" count="1" type="stmt"/>
        <line num="14" count="1" type="stmt"/>
        <line num="15" count="4" type="stmt"/>
        <line num="17" count="4" type="stmt"/>
        <line num="18" count="0" type="stmt"/>
        <line num="19" count="0" type="stmt"/>
        <line num="21" count="0" type="cond" truecount="0" falsecount="2"/>
        <line num="22" count="0" type="stmt"/>
        <line num="25" count="0" type="stmt"/>
        <line num="26" count="0" type="stmt"/>
        <line num="29" count="4" type="stmt"/>
        <line num="46" count="0" type="stmt"/>
      </file>
    </package>
    <package name="src.components.TodoApp.components.TodoItem">
      <metrics statements="3" coveredstatements="2" conditionals="2" coveredconditionals="1" methods="2" coveredmethods="1"/>
      <file name="TodoItem.tsx" path="C:\RSSSSSS\portfolio\new\mindbox_test\src\components\TodoApp\components\TodoItem\TodoItem.tsx">
        <metrics statements="3" coveredstatements="2" conditionals="2" coveredconditionals="1" methods="2" coveredmethods="1"/>
        <line num="15" count="2" type="stmt"/>
        <line num="16" count="3" type="stmt"/>
        <line num="26" count="0" type="stmt"/>
      </file>
    </package>
    <package name="src.components.TodoApp.components.TodoList">
      <metrics statements="3" coveredstatements="3" conditionals="2" coveredconditionals="2" methods="2" coveredmethods="2"/>
      <file name="TodoList.tsx" path="C:\RSSSSSS\portfolio\new\mindbox_test\src\components\TodoApp\components\TodoList\TodoList.tsx">
        <metrics statements="3" coveredstatements="3" conditionals="2" coveredconditionals="2" methods="2" coveredmethods="2"/>
        <line num="14" count="2" type="stmt"/>
        <line num="15" count="6" type="cond" truecount="2" falsecount="0"/>
        <line num="20" count="3" type="stmt"/>
      </file>
    </package>
  </project>
</coverage>
