{"C:\\RSSSSSS\\portfolio\\new\\mindbox_test\\src\\App.tsx": {"path":"C:\\RSSSSSS\\portfolio\\new\\mindbox_test\\src\\App.tsx","statementMap":{"0":{"start":{"line":6,"column":2},"end":{"line":11,"column":4}}},"fnMap":{"0":{"name":"App","decl":{"start":{"line":5,"column":9},"end":{"line":5,"column":12}},"loc":{"start":{"line":5,"column":15},"end":{"line":12,"column":1}},"line":5}},"branchMap":{},"s":{"0":2},"f":{"0":2},"b":{},"_coverageSchema":"1a1c01bbd47fc00a2c39e90264f33305004495a9","hash":"e247b2f4fe82faa7ca67eaf9073227df6fe9d2b8"}
,"C:\\RSSSSSS\\portfolio\\new\\mindbox_test\\src\\main.tsx": {"path":"C:\\RSSSSSS\\portfolio\\new\\mindbox_test\\src\\main.tsx","statementMap":{"0":{"start":{"line":8,"column":0},"end":{"line":15,"column":2}}},"fnMap":{},"branchMap":{},"s":{"0":0},"f":{},"b":{}}
,"C:\\RSSSSSS\\portfolio\\new\\mindbox_test\\src\\theme.ts": {"path":"C:\\RSSSSSS\\portfolio\\new\\mindbox_test\\src\\theme.ts","statementMap":{"0":{"start":{"line":3,"column":15},"end":{"line":10,"column":1}},"1":{"start":{"line":12,"column":25},"end":{"line":12,"column":28}},"2":{"start":{"line":14,"column":21},"end":{"line":118,"column":2}}},"fnMap":{},"branchMap":{},"s":{"0":0,"1":0,"2":0},"f":{},"b":{}}
,"C:\\RSSSSSS\\portfolio\\new\\mindbox_test\\src\\vite-env.d.ts": {"path":"C:\\RSSSSSS\\portfolio\\new\\mindbox_test\\src\\vite-env.d.ts","statementMap":{},"fnMap":{},"branchMap":{},"s":{},"f":{},"b":{}}
,"C:\\RSSSSSS\\portfolio\\new\\mindbox_test\\src\\components\\TodoApp\\TodoApp.tsx": {"path":"C:\\RSSSSSS\\portfolio\\new\\mindbox_test\\src\\components\\TodoApp\\TodoApp.tsx","statementMap":{"0":{"start":{"line":13,"column":23},"end":{"line":58,"column":1}},"1":{"start":{"line":14,"column":28},"end":{"line":14,"column":52}},"2":{"start":{"line":15,"column":44},"end":{"line":15,"column":68}},"3":{"start":{"line":16,"column":44},"end":{"line":16,"column":71}},"4":{"start":{"line":18,"column":2},"end":{"line":25,"column":29}},"5":{"start":{"line":19,"column":22},"end":{"line":23,"column":5}},"6":{"start":{"line":21,"column":37},"end":{"line":21,"column":54}},"7":{"start":{"line":22,"column":40},"end":{"line":22,"column":56}},"8":{"start":{"line":24,"column":4},"end":{"line":24,"column":47}},"9":{"start":{"line":27,"column":18},"end":{"line":32,"column":3}},"10":{"start":{"line":28,"column":4},"end":{"line":31,"column":7}},"11":{"start":{"line":28,"column":24},"end":{"line":31,"column":5}},"12":{"start":{"line":34,"column":26},"end":{"line":40,"column":3}},"13":{"start":{"line":35,"column":4},"end":{"line":39,"column":6}},"14":{"start":{"line":36,"column":6},"end":{"line":38,"column":7}},"15":{"start":{"line":37,"column":8},"end":{"line":37,"column":75}},"16":{"start":{"line":42,"column":25},"end":{"line":44,"column":3}},"17":{"start":{"line":43,"column":4},"end":{"line":43,"column":67}},"18":{"start":{"line":43,"column":24},"end":{"line":43,"column":65}},"19":{"start":{"line":43,"column":47},"end":{"line":43,"column":64}},"20":{"start":{"line":46,"column":2},"end":{"line":57,"column":4}}},"fnMap":{"0":{"name":"(anonymous_0)","decl":{"start":{"line":13,"column":23},"end":{"line":13,"column":24}},"loc":{"start":{"line":13,"column":29},"end":{"line":58,"column":1}},"line":13},"1":{"name":"(anonymous_1)","decl":{"start":{"line":18,"column":12},"end":{"line":18,"column":13}},"loc":{"start":{"line":18,"column":18},"end":{"line":25,"column":3}},"line":18},"2":{"name":"(anonymous_2)","decl":{"start":{"line":21,"column":27},"end":{"line":21,"column":28}},"loc":{"start":{"line":21,"column":37},"end":{"line":21,"column":54}},"line":21},"3":{"name":"(anonymous_3)","decl":{"start":{"line":22,"column":30},"end":{"line":22,"column":31}},"loc":{"start":{"line":22,"column":40},"end":{"line":22,"column":56}},"line":22},"4":{"name":"(anonymous_4)","decl":{"start":{"line":27,"column":18},"end":{"line":27,"column":19}},"loc":{"start":{"line":27,"column":39},"end":{"line":32,"column":3}},"line":27},"5":{"name":"(anonymous_5)","decl":{"start":{"line":28,"column":13},"end":{"line":28,"column":14}},"loc":{"start":{"line":28,"column":24},"end":{"line":31,"column":5}},"line":28},"6":{"name":"(anonymous_6)","decl":{"start":{"line":34,"column":26},"end":{"line":34,"column":27}},"loc":{"start":{"line":34,"column":42},"end":{"line":40,"column":3}},"line":34},"7":{"name":"(anonymous_7)","decl":{"start":{"line":35,"column":13},"end":{"line":35,"column":14}},"loc":{"start":{"line":36,"column":6},"end":{"line":38,"column":7}},"line":36},"8":{"name":"(anonymous_8)","decl":{"start":{"line":36,"column":16},"end":{"line":36,"column":17}},"loc":{"start":{"line":37,"column":8},"end":{"line":37,"column":75}},"line":37},"9":{"name":"(anonymous_9)","decl":{"start":{"line":42,"column":25},"end":{"line":42,"column":26}},"loc":{"start":{"line":42,"column":31},"end":{"line":44,"column":3}},"line":42},"10":{"name":"(anonymous_10)","decl":{"start":{"line":43,"column":13},"end":{"line":43,"column":14}},"loc":{"start":{"line":43,"column":24},"end":{"line":43,"column":65}},"line":43},"11":{"name":"(anonymous_11)","decl":{"start":{"line":43,"column":37},"end":{"line":43,"column":38}},"loc":{"start":{"line":43,"column":47},"end":{"line":43,"column":64}},"line":43}},"branchMap":{"0":{"loc":{"start":{"line":37,"column":8},"end":{"line":37,"column":75}},"type":"cond-expr","locations":[{"start":{"line":37,"column":25},"end":{"line":37,"column":68}},{"start":{"line":37,"column":71},"end":{"line":37,"column":75}}],"line":37}},"s":{"0":1,"1":4,"2":4,"3":4,"4":4,"5":2,"6":0,"7":0,"8":2,"9":4,"10":0,"11":0,"12":4,"13":0,"14":0,"15":0,"16":4,"17":0,"18":0,"19":0,"20":4},"f":{"0":4,"1":2,"2":0,"3":0,"4":0,"5":0,"6":0,"7":0,"8":0,"9":0,"10":0,"11":0},"b":{"0":[0,0]},"_coverageSchema":"1a1c01bbd47fc00a2c39e90264f33305004495a9","hash":"194c4a76ce33f92f8702a6adbb58a4b0d4efa80f"}
,"C:\\RSSSSSS\\portfolio\\new\\mindbox_test\\src\\components\\TodoApp\\types.ts": {"path":"C:\\RSSSSSS\\portfolio\\new\\mindbox_test\\src\\components\\TodoApp\\types.ts","statementMap":{},"fnMap":{},"branchMap":{},"s":{},"f":{},"b":{}}
,"C:\\RSSSSSS\\portfolio\\new\\mindbox_test\\src\\components\\TodoApp\\components\\getIncompleteTodosCount.ts": {"path":"C:\\RSSSSSS\\portfolio\\new\\mindbox_test\\src\\components\\TodoApp\\components\\getIncompleteTodosCount.ts","statementMap":{"0":{"start":{"line":3,"column":39},"end":{"line":5,"column":1}},"1":{"start":{"line":4,"column":2},"end":{"line":4,"column":58}},"2":{"start":{"line":4,"column":32},"end":{"line":4,"column":49}}},"fnMap":{"0":{"name":"(anonymous_0)","decl":{"start":{"line":3,"column":39},"end":{"line":3,"column":40}},"loc":{"start":{"line":3,"column":70},"end":{"line":5,"column":1}},"line":3},"1":{"name":"(anonymous_1)","decl":{"start":{"line":4,"column":22},"end":{"line":4,"column":23}},"loc":{"start":{"line":4,"column":32},"end":{"line":4,"column":49}},"line":4}},"branchMap":{},"s":{"0":1,"1":4,"2":0},"f":{"0":4,"1":0},"b":{},"_coverageSchema":"1a1c01bbd47fc00a2c39e90264f33305004495a9","hash":"267c821cf8b0f7d4ad4909aba055e32051ed97e9"}
,"C:\\RSSSSSS\\portfolio\\new\\mindbox_test\\src\\components\\TodoApp\\components\\TodoControls\\TodoControls.tsx": {"path":"C:\\RSSSSSS\\portfolio\\new\\mindbox_test\\src\\components\\TodoApp\\components\\TodoControls\\TodoControls.tsx","statementMap":{"0":{"start":{"line":18,"column":28},"end":{"line":36,"column":1}},"1":{"start":{"line":24,"column":22},"end":{"line":24,"column":47}},"2":{"start":{"line":26,"column":2},"end":{"line":35,"column":4}}},"fnMap":{"0":{"name":"(anonymous_0)","decl":{"start":{"line":18,"column":28},"end":{"line":18,"column":29}},"loc":{"start":{"line":23,"column":25},"end":{"line":36,"column":1}},"line":23}},"branchMap":{},"s":{"0":1,"1":4,"2":4},"f":{"0":4},"b":{},"_coverageSchema":"1a1c01bbd47fc00a2c39e90264f33305004495a9","hash":"72e1e644f800d259851e32aa046ba07b7cd5b396"}
,"C:\\RSSSSSS\\portfolio\\new\\mindbox_test\\src\\components\\TodoApp\\components\\TodoControls\\getCounterText.ts": {"path":"C:\\RSSSSSS\\portfolio\\new\\mindbox_test\\src\\components\\TodoApp\\components\\TodoControls\\getCounterText.ts","statementMap":{"0":{"start":{"line":1,"column":30},"end":{"line":6,"column":1}},"1":{"start":{"line":2,"column":2},"end":{"line":2,"column":41}},"2":{"start":{"line":2,"column":23},"end":{"line":2,"column":41}},"3":{"start":{"line":3,"column":2},"end":{"line":3,"column":44}},"4":{"start":{"line":3,"column":23},"end":{"line":3,"column":44}},"5":{"start":{"line":4,"column":2},"end":{"line":4,"column":48}},"6":{"start":{"line":4,"column":24},"end":{"line":4,"column":48}},"7":{"start":{"line":5,"column":2},"end":{"line":5,"column":35}}},"fnMap":{"0":{"name":"(anonymous_0)","decl":{"start":{"line":1,"column":30},"end":{"line":1,"column":31}},"loc":{"start":{"line":1,"column":53},"end":{"line":6,"column":1}},"line":1}},"branchMap":{"0":{"loc":{"start":{"line":2,"column":2},"end":{"line":2,"column":41}},"type":"if","locations":[{"start":{"line":2,"column":2},"end":{"line":2,"column":41}},{"start":{},"end":{}}],"line":2},"1":{"loc":{"start":{"line":3,"column":2},"end":{"line":3,"column":44}},"type":"if","locations":[{"start":{"line":3,"column":2},"end":{"line":3,"column":44}},{"start":{},"end":{}}],"line":3},"2":{"loc":{"start":{"line":4,"column":2},"end":{"line":4,"column":48}},"type":"if","locations":[{"start":{"line":4,"column":2},"end":{"line":4,"column":48}},{"start":{},"end":{}}],"line":4}},"s":{"0":1,"1":4,"2":4,"3":0,"4":0,"5":0,"6":0,"7":0},"f":{"0":4},"b":{"0":[4,0],"1":[0,0],"2":[0,0]},"_coverageSchema":"1a1c01bbd47fc00a2c39e90264f33305004495a9","hash":"083343b31d2cfc5430a03b91051d803eecab88f6"}
,"C:\\RSSSSSS\\portfolio\\new\\mindbox_test\\src\\components\\TodoApp\\components\\TodoFilter\\TodoFilter.tsx": {"path":"C:\\RSSSSSS\\portfolio\\new\\mindbox_test\\src\\components\\TodoApp\\components\\TodoFilter\\TodoFilter.tsx","statementMap":{"0":{"start":{"line":14,"column":26},"end":{"line":47,"column":1}},"1":{"start":{"line":18,"column":2},"end":{"line":46,"column":4}},"2":{"start":{"line":24,"column":25},"end":{"line":24,"column":71}}},"fnMap":{"0":{"name":"(anonymous_0)","decl":{"start":{"line":14,"column":26},"end":{"line":14,"column":27}},"loc":{"start":{"line":17,"column":23},"end":{"line":47,"column":1}},"line":17},"1":{"name":"(anonymous_1)","decl":{"start":{"line":24,"column":18},"end":{"line":24,"column":19}},"loc":{"start":{"line":24,"column":25},"end":{"line":24,"column":71}},"line":24}},"branchMap":{},"s":{"0":1,"1":4,"2":0},"f":{"0":4,"1":0},"b":{},"_coverageSchema":"1a1c01bbd47fc00a2c39e90264f33305004495a9","hash":"0587367f7492b61589d00d9bbf7aef4cfd657d9e"}
,"C:\\RSSSSSS\\portfolio\\new\\mindbox_test\\src\\components\\TodoApp\\components\\TodoInput\\TodoInput.tsx": {"path":"C:\\RSSSSSS\\portfolio\\new\\mindbox_test\\src\\components\\TodoApp\\components\\TodoInput\\TodoInput.tsx","statementMap":{"0":{"start":{"line":7,"column":25},"end":{"line":7,"column":49}},"1":{"start":{"line":14,"column":25},"end":{"line":53,"column":1}},"2":{"start":{"line":15,"column":38},"end":{"line":15,"column":50}},"3":{"start":{"line":17,"column":21},"end":{"line":27,"column":3}},"4":{"start":{"line":18,"column":4},"end":{"line":18,"column":27}},"5":{"start":{"line":19,"column":25},"end":{"line":19,"column":42}},"6":{"start":{"line":21,"column":4},"end":{"line":23,"column":5}},"7":{"start":{"line":22,"column":6},"end":{"line":22,"column":13}},"8":{"start":{"line":25,"column":4},"end":{"line":25,"column":24}},"9":{"start":{"line":26,"column":4},"end":{"line":26,"column":22}},"10":{"start":{"line":29,"column":2},"end":{"line":52,"column":4}},"11":{"start":{"line":46,"column":29},"end":{"line":46,"column":62}}},"fnMap":{"0":{"name":"(anonymous_0)","decl":{"start":{"line":14,"column":25},"end":{"line":14,"column":26}},"loc":{"start":{"line":14,"column":58},"end":{"line":53,"column":1}},"line":14},"1":{"name":"(anonymous_1)","decl":{"start":{"line":17,"column":21},"end":{"line":17,"column":22}},"loc":{"start":{"line":17,"column":66},"end":{"line":27,"column":3}},"line":17},"2":{"name":"(anonymous_2)","decl":{"start":{"line":46,"column":18},"end":{"line":46,"column":19}},"loc":{"start":{"line":46,"column":29},"end":{"line":46,"column":62}},"line":46}},"branchMap":{"0":{"loc":{"start":{"line":21,"column":4},"end":{"line":23,"column":5}},"type":"if","locations":[{"start":{"line":21,"column":4},"end":{"line":23,"column":5}},{"start":{},"end":{}}],"line":21}},"s":{"0":1,"1":1,"2":4,"3":4,"4":0,"5":0,"6":0,"7":0,"8":0,"9":0,"10":4,"11":0},"f":{"0":4,"1":0,"2":0},"b":{"0":[0,0]},"_coverageSchema":"1a1c01bbd47fc00a2c39e90264f33305004495a9","hash":"0e30355a4cdcf2a24f43fefc3ef487d8ce417b56"}
,"C:\\RSSSSSS\\portfolio\\new\\mindbox_test\\src\\components\\TodoApp\\components\\TodoItem\\TodoItem.tsx": {"path":"C:\\RSSSSSS\\portfolio\\new\\mindbox_test\\src\\components\\TodoApp\\components\\TodoItem\\TodoItem.tsx","statementMap":{"0":{"start":{"line":15,"column":24},"end":{"line":33,"column":1}},"1":{"start":{"line":16,"column":2},"end":{"line":32,"column":4}},"2":{"start":{"line":26,"column":28},"end":{"line":26,"column":52}}},"fnMap":{"0":{"name":"(anonymous_0)","decl":{"start":{"line":15,"column":24},"end":{"line":15,"column":25}},"loc":{"start":{"line":15,"column":69},"end":{"line":33,"column":1}},"line":15},"1":{"name":"(anonymous_1)","decl":{"start":{"line":26,"column":22},"end":{"line":26,"column":23}},"loc":{"start":{"line":26,"column":28},"end":{"line":26,"column":52}},"line":26}},"branchMap":{"0":{"loc":{"start":{"line":20,"column":19},"end":{"line":20,"column":59}},"type":"cond-expr","locations":[{"start":{"line":20,"column":38},"end":{"line":20,"column":54}},{"start":{"line":20,"column":57},"end":{"line":20,"column":59}}],"line":20}},"s":{"0":1,"1":0,"2":0},"f":{"0":0,"1":0},"b":{"0":[0,0]},"_coverageSchema":"1a1c01bbd47fc00a2c39e90264f33305004495a9","hash":"341f4321575f460d9f4784731dcea78cc77f85aa"}
,"C:\\RSSSSSS\\portfolio\\new\\mindbox_test\\src\\components\\TodoApp\\components\\TodoList\\TodoList.tsx": {"path":"C:\\RSSSSSS\\portfolio\\new\\mindbox_test\\src\\components\\TodoApp\\components\\TodoList\\TodoList.tsx","statementMap":{"0":{"start":{"line":14,"column":24},"end":{"line":24,"column":1}},"1":{"start":{"line":15,"column":2},"end":{"line":23,"column":4}},"2":{"start":{"line":20,"column":8},"end":{"line":20,"column":80}}},"fnMap":{"0":{"name":"(anonymous_0)","decl":{"start":{"line":14,"column":24},"end":{"line":14,"column":25}},"loc":{"start":{"line":14,"column":67},"end":{"line":24,"column":1}},"line":14},"1":{"name":"(anonymous_1)","decl":{"start":{"line":19,"column":17},"end":{"line":19,"column":18}},"loc":{"start":{"line":20,"column":8},"end":{"line":20,"column":80}},"line":20}},"branchMap":{"0":{"loc":{"start":{"line":15,"column":9},"end":{"line":23,"column":3}},"type":"cond-expr","locations":[{"start":{"line":16,"column":4},"end":{"line":16,"column":56}},{"start":{"line":18,"column":4},"end":{"line":22,"column":11}}],"line":15}},"s":{"0":1,"1":4,"2":0},"f":{"0":4,"1":0},"b":{"0":[4,0]},"_coverageSchema":"1a1c01bbd47fc00a2c39e90264f33305004495a9","hash":"c19f1746b1ab243a771b2b337322d88d99de37eb"}
}
